Sender: LSF System <lsfadmin@polus-c3-ib.bmc.hpc.cs.msu.ru>
Subject: Job 1319150: <mpi_800_1200_16> in cluster <MSUCluster> Done

Job <mpi_800_1200_16> was submitted from host <polus-ib.bmc.hpc.cs.msu.ru> by user <edu-cmc-skmodel25-619-2-08> in cluster <MSUCluster> at Wed Oct 22 05:06:27 2025
Job was executed on host(s) <16*polus-c3-ib.bmc.hpc.cs.msu.ru>, in queue <short>, as user <edu-cmc-skmodel25-619-2-08> in cluster <MSUCluster> at Wed Oct 22 05:06:28 2025
</home_edu/edu-cmc-skmodel25-619-2/edu-cmc-skmodel25-619-2-08> was used as the home directory.
</home_edu/edu-cmc-skmodel25-619-2/edu-cmc-skmodel25-619-2-08/supercomputer> was used as the working directory.
Started at Wed Oct 22 05:06:28 2025
Terminated at Wed Oct 22 05:08:12 2025
Results reported at Wed Oct 22 05:08:12 2025

Your job looked like:

------------------------------------------------------------
# LSBATCH: User input
mpiexec ./task_mpi 800 1200
------------------------------------------------------------

Successfully completed.

Resource usage summary:

    CPU time :                                   1619.50 sec.
    Max Memory :                                 1340 MB
    Average Memory :                             1261.24 MB
    Total Requested Memory :                     -
    Delta Memory :                               -
    Max Swap :                                   -
    Max Processes :                              19
    Max Threads :                                72
    Run time :                                   105 sec.
    Turnaround time :                            105 sec.

The output (if any) follows:

==== Domain Decomposition Summary ====
Global grid: 800 x 1200
Total processes: 16    Grid layout: 4 x 4
X partitions (4):    0 200 400 600
Y partitions (4):    0 300 600 900
======================================
[Rank  0] coords=(0,0) x:[   0, 199] y:[   0, 299] 
[Rank 10] coords=(2,2) x:[ 400, 599] y:[ 600, 899] 
[Rank 11] coords=(2,3) x:[ 400, 599] y:[ 900,1200] 
[Rank 12] coords=(3,0) x:[ 600, 800] y:[   0, 299] 
[Rank  8] coords=(2,0) x:[ 400, 599] y:[   0, 299] 
[Rank  5] coords=(1,1) x:[ 200, 399] y:[ 300, 599] 
[Rank  3] coords=(0,3) x:[   0, 199] y:[ 900,1200] 
[Rank 14] coords=(3,2) x:[ 600, 800] y:[ 600, 899] 
[Rank 13] coords=(3,1) x:[ 600, 800] y:[ 300, 599] 
[Rank  1] coords=(0,1) x:[   0, 199] y:[ 300, 599] 
[Rank  9] coords=(2,1) x:[ 400, 599] y:[ 300, 599] 
[Rank  6] coords=(1,2) x:[ 200, 399] y:[ 600, 899] 
[Rank  4] coords=(1,0) x:[ 200, 399] y:[   0, 299] 
[Rank  2] coords=(0,2) x:[   0, 199] y:[ 600, 899] 
[Rank  7] coords=(1,3) x:[ 200, 399] y:[ 900,1200] 
[Rank 15] coords=(3,3) x:[ 600, 800] y:[ 900,1200] 
[OK] Converged in 3769 iterations, residual = 9.99359e-05
Total time: 100.992 seconds.
Saved solution to solution/solution_M_800_N_1200.csv



PS:

Read file <log/stage_6/mpi_800_1200_16_cerr.log> for stderr output of this job.

