Sender: LSF System <lsfadmin@polus-c3-ib.bmc.hpc.cs.msu.ru>
Subject: Job 1319144: <mpi_400_600_4> in cluster <MSUCluster> Done

Job <mpi_400_600_4> was submitted from host <polus-ib.bmc.hpc.cs.msu.ru> by user <edu-cmc-skmodel25-619-2-08> in cluster <MSUCluster> at Wed Oct 22 04:30:50 2025
Job was executed on host(s) <4*polus-c3-ib.bmc.hpc.cs.msu.ru>, in queue <short>, as user <edu-cmc-skmodel25-619-2-08> in cluster <MSUCluster> at Wed Oct 22 04:30:51 2025
</home_edu/edu-cmc-skmodel25-619-2/edu-cmc-skmodel25-619-2-08> was used as the home directory.
</home_edu/edu-cmc-skmodel25-619-2/edu-cmc-skmodel25-619-2-08/supercomputer> was used as the working directory.
Started at Wed Oct 22 04:30:51 2025
Terminated at Wed Oct 22 04:31:38 2025
Results reported at Wed Oct 22 04:31:38 2025

Your job looked like:

------------------------------------------------------------
# LSBATCH: User input
mpiexec ./task_mpi 400 600
------------------------------------------------------------

Successfully completed.

Resource usage summary:

    CPU time :                                   182.27 sec.
    Max Memory :                                 347 MB
    Average Memory :                             308.56 MB
    Total Requested Memory :                     -
    Delta Memory :                               -
    Max Swap :                                   -
    Max Processes :                              7
    Max Threads :                                24
    Run time :                                   48 sec.
    Turnaround time :                            48 sec.

The output (if any) follows:

==== Domain Decomposition Summary ====
Global grid: 400 x 600
Total processes: 4    Grid layout: 2 x 2
X partitions (2):    0 200
Y partitions (2):    0 300
======================================
[Rank  0] coords=(0,0) x:[   0, 199] y:[   0, 299] 
[Rank  1] coords=(0,1) x:[   0, 199] y:[ 300, 600] 
[Rank  3] coords=(1,1) x:[ 200, 400] y:[ 300, 600] 
[Rank  2] coords=(1,0) x:[ 200, 400] y:[   0, 299] 
[OK] Converged in 1818 iterations, residual = 9.89925e-05
Total time: 45.4095 seconds.
Saved solution to solution/solution_M_400_N_600.csv



PS:

Read file <log/stage_6/mpi_400_600_4_cerr.log> for stderr output of this job.

