Sender: LSF System <lsfadmin@polus-c4-ib.bmc.hpc.cs.msu.ru>
Subject: Job 1319149: <mpi_800_1200_8> in cluster <MSUCluster> Done

Job <mpi_800_1200_8> was submitted from host <polus-ib.bmc.hpc.cs.msu.ru> by user <edu-cmc-skmodel25-619-2-08> in cluster <MSUCluster> at Wed Oct 22 05:03:08 2025
Job was executed on host(s) <8*polus-c4-ib.bmc.hpc.cs.msu.ru>, in queue <short>, as user <edu-cmc-skmodel25-619-2-08> in cluster <MSUCluster> at Wed Oct 22 05:03:09 2025
</home_edu/edu-cmc-skmodel25-619-2/edu-cmc-skmodel25-619-2-08> was used as the home directory.
</home_edu/edu-cmc-skmodel25-619-2/edu-cmc-skmodel25-619-2-08/supercomputer> was used as the working directory.
Started at Wed Oct 22 05:03:09 2025
Terminated at Wed Oct 22 05:06:27 2025
Results reported at Wed Oct 22 05:06:27 2025

Your job looked like:

------------------------------------------------------------
# LSBATCH: User input
mpiexec ./task_mpi 800 1200
------------------------------------------------------------

Successfully completed.

Resource usage summary:

    CPU time :                                   1573.59 sec.
    Max Memory :                                 712 MB
    Average Memory :                             689.06 MB
    Total Requested Memory :                     -
    Delta Memory :                               -
    Max Swap :                                   -
    Max Processes :                              11
    Max Threads :                                40
    Run time :                                   201 sec.
    Turnaround time :                            199 sec.

The output (if any) follows:

==== Domain Decomposition Summary ====
Global grid: 800 x 1200
Total processes: 8    Grid layout: 2 x 4
X partitions (2):    0 400
Y partitions (4):    0 300 600 900
======================================
[Rank  0] coords=(0,0) x:[   0, 399] y:[   0, 299] 
[Rank  3] coords=(0,3) x:[   0, 399] y:[ 900,1200] 
[Rank  7] coords=(1,3) x:[ 400, 800] y:[ 900,1200] 
[Rank  1] coords=(0,1) x:[   0, 399] y:[ 300, 599] 
[Rank  6] coords=(1,2) x:[ 400, 800] y:[ 600, 899] 
[Rank  5] coords=(1,1) x:[ 400, 800] y:[ 300, 599] 
[Rank  4] coords=(1,0) x:[ 400, 800] y:[   0, 299] 
[Rank  2] coords=(0,2) x:[   0, 399] y:[ 600, 899] 
[OK] Converged in 3754 iterations, residual = 9.58905e-05
Total time: 196.448 seconds.
Saved solution to solution/solution_M_800_N_1200.csv



PS:

Read file <log/stage_6/mpi_800_1200_8_cerr.log> for stderr output of this job.

