Sender: LSF System <lsfadmin@polus-c3-ib.bmc.hpc.cs.msu.ru>
Subject: Job 1319148: <mpi_800_1200_4> in cluster <MSUCluster> Done

Job <mpi_800_1200_4> was submitted from host <polus-ib.bmc.hpc.cs.msu.ru> by user <edu-cmc-skmodel25-619-2-08> in cluster <MSUCluster> at Wed Oct 22 04:56:50 2025
Job was executed on host(s) <4*polus-c3-ib.bmc.hpc.cs.msu.ru>, in queue <short>, as user <edu-cmc-skmodel25-619-2-08> in cluster <MSUCluster> at Wed Oct 22 04:56:50 2025
</home_edu/edu-cmc-skmodel25-619-2/edu-cmc-skmodel25-619-2-08> was used as the home directory.
</home_edu/edu-cmc-skmodel25-619-2/edu-cmc-skmodel25-619-2-08/supercomputer> was used as the working directory.
Started at Wed Oct 22 04:56:50 2025
Terminated at Wed Oct 22 05:03:07 2025
Results reported at Wed Oct 22 05:03:07 2025

Your job looked like:

------------------------------------------------------------
# LSBATCH: User input
mpiexec ./task_mpi 800 1200
------------------------------------------------------------

Successfully completed.

Resource usage summary:

    CPU time :                                   1500.18 sec.
    Max Memory :                                 419 MB
    Average Memory :                             391.11 MB
    Total Requested Memory :                     -
    Delta Memory :                               -
    Max Swap :                                   -
    Max Processes :                              7
    Max Threads :                                24
    Run time :                                   380 sec.
    Turnaround time :                            377 sec.

The output (if any) follows:

==== Domain Decomposition Summary ====
Global grid: 800 x 1200
Total processes: 4    Grid layout: 2 x 2
X partitions (2):    0 400
Y partitions (2):    0 600
======================================
[Rank  0] coords=(0,0) x:[   0, 399] y:[   0, 599] 
[Rank  1] coords=(0,1) x:[   0, 399] y:[ 600,1200] 
[Rank  3] coords=(1,1) x:[ 400, 800] y:[ 600,1200] 
[Rank  2] coords=(1,0) x:[ 400, 800] y:[   0, 599] 
[OK] Converged in 3756 iterations, residual = 9.82142e-05
Total time: 374.655 seconds.
Saved solution to solution/solution_M_800_N_1200.csv



PS:

Read file <log/stage_6/mpi_800_1200_4_cerr.log> for stderr output of this job.

