Sender: LSF System <lsfadmin@polus-c4-ib.bmc.hpc.cs.msu.ru>
Subject: Job 1319127: <omp_40_40_4> in cluster <MSUCluster> Done

Job <omp_40_40_4> was submitted from host <polus-ib.bmc.hpc.cs.msu.ru> by user <edu-cmc-skmodel25-619-2-08> in cluster <MSUCluster> at Wed Oct 22 03:42:34 2025
Job was executed on host(s) <polus-c4-ib.bmc.hpc.cs.msu.ru>, in queue <short>, as user <edu-cmc-skmodel25-619-2-08> in cluster <MSUCluster> at Wed Oct 22 03:42:35 2025
</home_edu/edu-cmc-skmodel25-619-2/edu-cmc-skmodel25-619-2-08> was used as the home directory.
</home_edu/edu-cmc-skmodel25-619-2/edu-cmc-skmodel25-619-2-08/supercomputer> was used as the working directory.
Started at Wed Oct 22 03:42:35 2025
Terminated at Wed Oct 22 03:42:36 2025
Results reported at Wed Oct 22 03:42:36 2025

Your job looked like:

------------------------------------------------------------
# LSBATCH: User input
OMP_NUM_THREADS=4 ./task_omp 40 40
------------------------------------------------------------

Successfully completed.

Resource usage summary:

    CPU time :                                   0.10 sec.
    Max Memory :                                 1 MB
    Average Memory :                             1.00 MB
    Total Requested Memory :                     -
    Delta Memory :                               -
    Max Swap :                                   -
    Max Processes :                              1
    Max Threads :                                1
    Run time :                                   3 sec.
    Turnaround time :                            2 sec.

The output (if any) follows:

[OK] Converged in 108 iterations, residual = 9.27443e-05
Total time: 0.020581 seconds.
Saved solution to solution/solution_M_40_N_40.csv


PS:

Read file <log/stage_2/omp_40_40_4_cerr.log> for stderr output of this job.

