Sender: LSF System <lsfadmin@polus-c4-ib.bmc.hpc.cs.msu.ru>
Subject: Job 1319137: <omp_800_1200_16> in cluster <MSUCluster> Done

Job <omp_800_1200_16> was submitted from host <polus-ib.bmc.hpc.cs.msu.ru> by user <edu-cmc-skmodel25-619-2-08> in cluster <MSUCluster> at Wed Oct 22 04:22:45 2025
Job was executed on host(s) <polus-c4-ib.bmc.hpc.cs.msu.ru>, in queue <short>, as user <edu-cmc-skmodel25-619-2-08> in cluster <MSUCluster> at Wed Oct 22 04:22:46 2025
</home_edu/edu-cmc-skmodel25-619-2/edu-cmc-skmodel25-619-2-08> was used as the home directory.
</home_edu/edu-cmc-skmodel25-619-2/edu-cmc-skmodel25-619-2-08/supercomputer> was used as the working directory.
Started at Wed Oct 22 04:22:46 2025
Terminated at Wed Oct 22 04:24:59 2025
Results reported at Wed Oct 22 04:24:59 2025

Your job looked like:

------------------------------------------------------------
# LSBATCH: User input
OMP_NUM_THREADS=16 ./task_omp 800 1200
------------------------------------------------------------

Successfully completed.

Resource usage summary:

    CPU time :                                   1762.76 sec.
    Max Memory :                                 65 MB
    Average Memory :                             61.95 MB
    Total Requested Memory :                     -
    Delta Memory :                               -
    Max Swap :                                   -
    Max Processes :                              3
    Max Threads :                                19
    Run time :                                   137 sec.
    Turnaround time :                            134 sec.

The output (if any) follows:

[OK] Converged in 3754 iterations, residual = 9.96439e-05
Total time: 131.231 seconds.
Saved solution to solution/solution_M_800_N_1200.csv


PS:

Read file <log/stage_3/omp_800_1200_16_cerr.log> for stderr output of this job.

