Sender: LSF System <lsfadmin@polus-c4-ib.bmc.hpc.cs.msu.ru>
Subject: Job 1319123: <seq_10x10> in cluster <MSUCluster> Done

Job <seq_10x10> was submitted from host <polus-ib.bmc.hpc.cs.msu.ru> by user <edu-cmc-skmodel25-619-2-08> in cluster <MSUCluster> at Wed Oct 22 03:42:21 2025
Job was executed on host(s) <polus-c4-ib.bmc.hpc.cs.msu.ru>, in queue <short>, as user <edu-cmc-skmodel25-619-2-08> in cluster <MSUCluster> at Wed Oct 22 03:42:22 2025
</home_edu/edu-cmc-skmodel25-619-2/edu-cmc-skmodel25-619-2-08> was used as the home directory.
</home_edu/edu-cmc-skmodel25-619-2/edu-cmc-skmodel25-619-2-08/supercomputer> was used as the working directory.
Started at Wed Oct 22 03:42:22 2025
Terminated at Wed Oct 22 03:42:23 2025
Results reported at Wed Oct 22 03:42:23 2025

Your job looked like:

------------------------------------------------------------
# LSBATCH: User input
./task_seq 10 10
------------------------------------------------------------

Successfully completed.

Resource usage summary:

    CPU time :                                   0.02 sec.
    Max Memory :                                 1 MB
    Average Memory :                             1.00 MB
    Total Requested Memory :                     -
    Delta Memory :                               -
    Max Swap :                                   -
    Max Processes :                              1
    Max Threads :                                1
    Run time :                                   2 sec.
    Turnaround time :                            2 sec.

The output (if any) follows:

[OK] Converged in 20 iterations, residual = 8.21893e-05
Total time: 0.000837088 seconds.
Saved solution to solution/solution_M_10_N_10.csv


PS:

Read file <log/stage_1/seq_10x10_cerr.log> for stderr output of this job.

